WARNING: 06-15 08:45:50: MailToRisk.py:32 * 140736591475648 contentMap does not have type[TIEBA]
WARNING: 06-15 08:45:50: MailToRisk.py:32 * 140736591475648 contentMap does not have type[TIEBA]
WARNING: 06-15 08:45:50: MailToRisk.py:32 * 140736591475648 contentMap does not have type[TIEBA]
WARNING: 06-15 08:45:50: MailUtils.py:9 * 140736591475648 mail failed string[echo "id: 1
类型: 新闻
标题: 百度因医疗丑闻撞上天花板，这是它十几年积聚问题的爆发
发布时间: 2017-01-25 08:40:00
-----------------
id: 2
类型: 新闻
标题: 讯飞输入法起诉百度，索赔100万元
发布时间: 2017-01-25 10:53:24
-----------------
id: 5
类型: 新闻
标题: 百度是虚假诈骗网站的推广者，我就看看漫画发现广告，点进去笑死我了，苹果7p 1399 最重要那网站applen，那些客服很敬业，我一直在逗客服?，聊了2小时之后他告诉我她是男的，只是寒假打工[微笑]，不知道卖的什么产品，就对着原本的那套文字复制就行。所以这虚假推广的锅百度应该背。
发布时间: 2017-01-19 22:25:15
发布主体: 天祈雨墨
-----------------
id: 7
类型: 新闻
标题: #滨州身边事#【滨州一位姑娘百度搜索医院做人流被莆田系医院忽悠】一位不愿透露姓名的滨州姑娘私信本博称，她在网上百度做人工流产医院，看到滨城玛丽亚医院的推广，遂去该医院做手术，结果被忽悠几千元，后来该姑娘越想越愤怒，泼油漆的心都有！哎～新的一年再提醒女性朋友：请远离莆田系... ​​
发布时间: 2017-01-25 16:35:07
发布主体: 滨州情报局长
-----------------
id: 8
类型: 新闻
标题: 广告感动，百度艹你妈，替魏则西艹你妈李彦宏！
发布时间: 2017-01-26 20:58:37
发布主体: 小麦1987
-----------------
id: 16
类型: 新闻
标题: #百度推广##魏则西事件##魏则西百度推广事件# 且不说这件悲剧背后百度 应该承担多少责任，单单恶性竞价推广这个罪名就够挖它祖坟十次了。就我亲身经历举例说明一下，我当初手机丢了以后万般无奈之下百度搜索办法，全都是什么全球手机定位，说的有板有眼，而且还是加v认证的广告，后来的结果就是头脑 ​​
发布时间: 2017-02-03 07:38:06
发布主体: 小智最爱皮卡丘
-----------------
id: 20
类型: 新闻
标题: 连云港徐福酒厂百度推广虚假广告，令消费者震惊

2016-11-23  辽河鱼2014  + 关注献花(0)

转藏

11月22日，连云港徐福酒厂当地网友爆料，直言徐福酒厂利用百度对企业产品进行推广宣传，看了贴文感觉很是震惊，这难道是百度公司在帮助进行推广宣传？一个魏则西还不够？仔细看完贴文后才知道，只是徐福 ​​
发布时间: 2017-01-28 17:24:59
发布主体: 光明正大陆军2014
-----------------
id: 21
类型: 新闻
标题: 百度广告“害死”21岁大学生，我们身边的骗子医院都长啥样？-新闻频道-手机搜狐 @手机搜狐 http://t.cn/Rx9MjPS ​​
发布时间: 2017-01-28 09:34:48
发布主体: 转角那刹
-----------------
id: 22
类型: 新闻
标题: #百度推广##魏则西事件##魏则西百度推广事件# 且不说这件悲剧背后百度 应该承担多少责任，单单恶性竞价推广这个罪名就够挖它祖坟十次了。就我亲身经历举例说明一下，我当初手机丢了以后万般无奈之下百度搜索办法，全都是什么全球手机定位，说的有板有眼，而且还是加v认证的广告，后来的结果就是头脑 ​​
发布时间: 2017-01-27 12:41:03
发布主体: TinyShrimp
-----------------
id: 26
类型: 新闻
标题: #百度推广##魏则西事件##魏则西百度推广事件# 且不说这件悲剧背后百度 应该承担多少责任，单单恶性竞价推广这个罪名就够挖它祖坟十次了。就我亲身经历举例说明一下，我当初手机丢了以后万般无奈之下百度搜索办法，全都是什么全球手机定位，说的有板有眼，而且还是加v认证的广告，后来的结果就是头脑 ​​
发布时间: 2017-01-27 07:13:03
发布主体: 桃园煮酒论借钱
-----------------
id: 27
类型: 新闻
标题: 发表了博文《长沙送子鸟医院被曝过期注射液事件医生求患者“放他们一马》摘要：1月10日，一名为“蔡晓妖姬”的网友发帖爆料，其怀孕后百度上查询信息的时候，看到了长沙送子鸟医院的广告，在准备注射“奥硝唑氯化http://t.cn/RxWtFL6 ​​
发布时间: 2017-01-29 14:02:10
发布主体: 惩腐倡廉315
-----------------
id: 30
类型: 新闻
标题: @百度 你这又臭又长的广告做的我也是醉了！！！就是想查个医院网址，结果就给了我一堆假结果。。。 ​​
发布时间: 2017-02-05 20:10:04
发布主体: jemand
-----------------
id: 34
类型: 新闻
标题: 无耻媒体的推广功不可没！放火、防盗、防百度！ http://t.cn/RJhSn8K //@布浆哥哥:我也是才认识到被诈骗了！总以为自己很聪明，不会被别人骗的，骗子们真是让人防不胜防！这些社会的垃圾，公开抢劫老百姓的财富，坚决支持国家清理整顿非法交易平台！
发布时间: 2017-02-05 17:55:59
发布主体: 围剿恒信贵金属黑平台
-----------------
id: 38
类型: 新闻
标题: 百度推广，竞价里面还有这样害人害己的诱惑广告！ ​​
发布时间: 2017-02-11 10:00:29
发布主体: 山东徐恩云
-----------------
id: 40
类型: 新闻
标题: 【比起隐私！315晚会更应该曝光百度推广】百度这次终于在315晚会里露脸了！央视曝光了手机预装软件存在窃取隐私等问题。但百度的原罪在于其竞价排名，套用上海医师戚广崇的话:“百度最大的罪恶是虚假医疗广告，几乎所有的疾病搜索前面都是无良民营医院的广告！让不明真相的患者上当受骗！” ​​
发布时间: 2017-02-14 11:05:24
发布主体: 国内时尚语录
-----------------
id: 42
类型: 新闻
标题: 莆田系再次霸屏百度首页[二哈]首先推广本地莆田系[黑线]@温州草根新闻 @百度 ​​​@央视新闻 ​​
发布时间: 2017-02-14 15:18:27
发布主体: 古兰经是什么j
-----------------
id: 45
类型: 新闻
标题: 致百度钱包公开信：贵司与广州某培训机构涉嫌网络广告诱导消费并提供助学贷款，但该机构与实际与百度广告宣传相距甚远，并拒不改善。给本人造成巨大经济损失。故无法支付余下助学贷款。因为贵司既是宣传方，又是贷款方。所以有责任敦促该培训机构妥善处理此事。
特此申明 ​​
发布时间: 2017-02-15 09:52:26
发布主体: 用户5711755959
-----------------
id: 47
类型: 新闻
标题: 百度直接弹黄色网站广告！
发布时间: 2017-02-15 14:40:42
发布主体: 已彻底戒烟
-----------------
id: 51
类型: 新闻
标题: 想查一下血糖高能吃什么，结果百度的前三条全是广告。幸亏智商低，不然又上当了。 ​​
发布时间: 2017-02-16 08:37:55
发布主体: YDSD袁洋
-----------------
id: 52
类型: 新闻
标题: [酷] 【百度连残疾人都不放过】近日前中国盲人在线网站站长杨永全发微博谴责百度的流氓推广行为。他表示电脑中的百度输入法静默下载、安装了百度卫士，使得电脑一度陷入瘫痪，被捆绑安装的百度卫士无法卸载，直接导致工作会议被迫延迟。微博上众多网友反馈此问题http://t.cn/RUk8lhS ​​
发布时间: 2017-02-15 20:44:46
发布主体: 壮昱郁b
-----------------
id: 53
类型: 新闻
标题: 对早就被央视等各大媒体多次曝光的香港恒信贵金属黑平台，为何百度还勾结该骗子合谋来诱骗大陆投资者？除了百度搜索，还有百度推广、百科、文库、经验、口碑、知道、贴吧等等，无处不充斥着该黑平台的虚假广告，这怎么说？无非就是「竞价搜索推广，百度和诈骗犯站在一起」的写照。 我分享了 ​​
发布时间: 2017-02-15 20:33:32
发布主体: 围剿恒信贵金属黑平台
-----------------
id: 56
类型: 新闻
标题: 其实＂百度＂推广也是＂罪恶＂之源，什么＂xx紫砂官网＂、紫砂x家＂……他们一年推广费惊人，实际上羊毛出在羊身上，这些网店的推广费肯定是消费者来埋单，这是无庸置疑的。
发布时间: 2017-02-16 11:28:49
发布主体: 张明强-紫砂壶收藏顾问
-----------------
id: 60
类型: 新闻
标题: 慧聪网推广效果极差，极度标王词根本在百度搜索上没显示，投的钱打水漂了，被骗了，怎么维权？_百度知道 http://t.cn/RJjn9Gb ​​
发布时间: 2017-02-16 12:33:00
发布主体: 危平易倾
-----------------
id: 61
类型: 新闻
标题: 发表了博文《重庆市某教师被骗近20万　　百度，你推荐、推广什么？》重庆市某教师10天内被3家网络投资平台诈骗近20万元，分别是“深圳市平安创新资本投资有限公司hhttp://t.cn/RJYQFjn ​​
发布时间: 2017-02-16 18:20:22
发布主体: 牛儿15268
-----------------
id: 65
类型: 新闻
标题: @百度推广 这些卖药的全部都是违禁词，为什么还可以进行推广？马上315了，不处理的话就投诉了 ​​
发布时间: 2017-02-20 17:51:34
发布主体: 定安之若素
-----------------
id: 66
类型: 新闻
标题: @百度 太过分了吧，假的官网都能上推广！稍不注意就打了电话过去，还好没有留家里住址！！！这样不负责任的行为，真是越来越不靠谱！百度呵呵 ​​
发布时间: 2017-02-20 18:59:15
发布主体: 打喷嚏的阿花
-----------------
id: 74
类型: 新闻
标题: “百度一下”，差点害了我的狗狗！
发布时间: 2017-02-26 10:01:00
-----------------
id: 75
类型: 新闻
标题: 百度真是醉了 我搜月嫂 出来的全是广告 ​​
发布时间: 2017-02-27 12:22:54
发布主体: 猫个球
-----------------
id: 78
类型: 新闻
标题: 发表了博文《北京华大肾安医院是骗人的私人医院，大家千万不要去》怎么#魏则西事件#之后这家北京肾安医院就没有上百度推广了？？那是一家骗人的私人医院，大家千万不要去！！！　　去年我爸爸查出来是肾病，刚开始http://t.cn/RibQNYV ​​
发布时间: 2017-02-27 10:04:17
发布主体: p7骗漏爸堡策
-----------------
id: 79
类型: 新闻
标题: http://t.cn/Rit771y 空鼻症没有上教材和疾病目录，但名气太大，人数太多，罕见病也没法接纳。
这批人怎么办？何去何从呢？没有身份！
今天是世界罕见病日，被百度虚假医疗广告所害的空鼻症患者却只能在百度门外徘徊，因为，百度没有履行承诺，第六轮谈判没有时间点，空鼻症代表只能在百度门外等待…… ​​
发布时间: 2017-02-28 10:27:01
发布主体: 四边形木丁西
-----------------
id: 82
类型: 新闻
标题: //@四边形木丁西:不知道怎么回事？微博版发出来就打不开了。 只有图片发送！ 今天是世界罕见病日，被百度虚假医疗广告所害的空鼻症患者却只能在百度门外徘徊，因为，百度没有履行承诺，第六轮谈判没有时间点，空鼻症代表只能在百度门外等待…… ​​​
发布时间: 2017-02-28 11:24:08
发布主体: EUGDYJF
-----------------
id: 90
类型: 新闻
标题: #韩国部署萨德# 百度的广告也太不要脸了 这时候还推乐天！@百度 @互联网的那点事 ​​
发布时间: 2017-03-02 12:09:07
发布主体: 小张同学爱照相
-----------------
id: 95
类型: 新闻
标题: @百度推广小度 @12315消费维权 @12315网络维权 @12315网上投诉维权 @12315消费者维权 @12315消费者维权投诉  我就想问问当时我的浏览器客户端并没有登录我的百度账户怎么申请保障，你们害死了一个魏泽西还不够吗？你们的广告没有审核吗？
发布时间: 2017-03-02 13:18:13
发布主体: 那些年我们用绳命扯的淡
-----------------
id: 100
类型: 新闻
标题: 百度竟然公然推广走私车广告。 ​​
发布时间: 2017-03-06 07:07:57
发布主体: 她不会知道
-----------------
id: 112
类型: 新闻
标题: “百度医生”关闭 下月产品正式关停并清空数据
发布时间: 2017-03-06 09:40:25
-----------------
id: 114
类型: 新闻
标题: 百度旗下网站暗藏恶意代码事件再发酵 百度承认存在问题
发布时间: 2017-03-05 07:55:30
-----------------
id: 123
类型: 新闻
标题: 我不是记得之前魏则西事件后，百度搜索广告位不超过30%，不超过4条么？朋友孩子烫伤想找个专业医院，搜小孩烫伤全都是广告，欺骗的都是心急如焚的父母？李彦宏孩子烫伤也会去这些医院吗？@头条新闻  @央视新闻 @新浪新闻 @中国新闻周刊 @每日经济新闻 @澎湃新闻 @网易新闻客户端 @凤凰新闻客户端  ​​
发布时间: 2017-03-08 15:50:45
发布主体: record_wu_508
-----------------
id: 126
类型: 新闻
标题: @百度推广 这些框架户什么时候能处理呢？这些卖完的要不要这么嚣张？哪里都是，违禁词那么多，希望赶紧查清楚，处理掉，别让315曝光出来好嘛！！！再不处理就投诉了@百度推广 ​​
发布时间: 2017-03-08 17:29:02
发布主体: 定安之若素
-----------------
id: 132
类型: 新闻
标题: 发表了博文《云端联盟-打了钱给他们，给了个假的扣费平台。纯属骗人。》我是在百度搜索找到南京云桥信息科技有限公司的，前期咨询他能否投放腾讯视频15秒的广告，他那边说可以投，并给了我报价，在谈妥如何投放之http://t.cn/RilnnXA ​​
发布时间: 2017-03-09 07:42:20
发布主体: 钻石王老六来了
-----------------
id: 141
类型: 新闻
标题: 魏则西百度推广事件谁以后再敢说有问题找度娘 我特么就是你干爹。    ​​
发布时间: 2017-03-09 11:31:03
发布主体: 向小波9
-----------------
id: 142
类型: 新闻
标题: #废柴的日常#下载一个软件，捆绑这么多广告，真是的，百度赚了多少黑心钱。 ​​​
发布时间: 2017-03-09 11:07:43
发布主体: 团子life
-----------------
id: 143
类型: 新闻
标题: 我就从来不用hao123，一直觉得是流氓网站，还真是，爸妈用浏览器的时候一个不小心hao123就绑定成浏览器首页了，还在钓鱼网站上投广告，这种行为，绝对不是什么值得信任的产品，所以坚决不用，也不信是外包的@hao123 『百度承认hao123暗藏恶意代码_手机新浪网』http://t.cn/Riiwybm ​​
发布时间: 2017-03-09 11:50:11
发布主体: 浩浩爱地球
-----------------
id: 150
类型: 新闻
标题: #315金融曝光台# #光大诈骗1.38亿# #线索征集# 此次诈骗事件中：百度，迅雷，券妈妈等相关推广平台也负有不可推卸责任，这些平台极力推广国资系光大p2p金融，老百姓也是相信并且冲着“光大”去投资的，最终投资者蒙受了巨大的经济上及精神上的损失。所以光大集团及为其推广的相关平台都需承担责任！
发布时间: 2017-03-09 11:13:07
发布主体: 光大诈骗2亿
-----------------
id: 156
类型: 新闻
标题: @百度 有人冒充我公司进行虚假百度竞价推广，欺骗客户。。。百度 还不支持举报，怎么办？ ​​
发布时间: 2017-03-09 13:42:25
发布主体: 老张看盘188
-----------------
id: 160
类型: 新闻
标题: 【百度、搜狗发布虚假广告被处罚】Bianews报道 3月9日消息，今日上海市工商局公布2017年第1号虚假违法广告公告。作为互联网付费搜索广告的发布者，未能有效履行法定义务，百度在线网络技术（北京）有限公司上海软件技术分公司和北京搜狗信息服务有限公司被处罚。http://t.cn/Rij1Uqd ​​
发布时间: 2017-03-09 16:57:06
发布主体: 鞭牛士
-----------------
id: 161
类型: 新闻
标题: 【百度、搜狗未尽广告发布法律义务被处罚】（原标题：百度、搜狗未尽广告发布法律义务被处罚） 9日，上海市工商局公布2017年第1号虚假违法广告公告。http://t.cn/RijEBAp ​​
发布时间: 2017-03-09 16:33:05
发布主体: 社会日日谈_水之
-----------------
id: 162
类型: 新闻
标题: 9日，上海市工商局公布2017年第1号虚假违法广告公告。百度、搜狗作为互联网付费搜索广告的发布者，未能有效履行法定义务，被处罚。[围观][good] http://t.cn/RijmNDV ​​
发布时间: 2017-03-09 16:37:56
发布主体: 一财梧桐树下
-----------------
id: 163
类型: 新闻
标题: 如此处罚？！！确定不是专门来搞笑的吗？？？[衰][衰][衰][衰] —— 上海市工商局公布公告，作为互联网付费搜索广告的发布者，未能有效履行法定义务，百度发布未经审查的医疗机构广告被罚款2.8万元；搜狗明知广告虚假仍然发布，被罚款1.03万元。
发布时间: 2017-03-09 16:50:53
发布主体: 我爱足球我爱世界杯
-----------------
id: 165
类型: 新闻
标题: 【百度发布未审查广告被罚 案涉无资质医疗服务】上海工商局公布2017年第1号虚假违法广告公告。百度未能履行法定义务，发布了未经审查的医疗机构广告，并且关键词指向不具备资质的医疗服务内容，被依法处罚款2.8万元。此外，搜狗明知、应知广告虚假仍然发布，被罚1.03万元。http://t.cn/RijDUKl ​​
发布时间: 2017-03-09 17:47:13
发布主体: 环球市场播报
-----------------
id: 174
类型: 新闻
标题: 【2016年网上交易保障十大新闻事件点评】4、百度医疗丑闻频发，国家加强互联网广告监管。
整个2016年，百度的丑闻都围绕着医疗展开。从年初的卖血友病吧到年中五月的“魏则西”事件，这些事件直接导致了百度收入暴跌、广告业务被监管。9月，《互联网广告管理暂行办法》正式实施。搜索引擎、微信微博自 ​​
发布时间: 2017-03-10 09:21:34
发布主体: 网络315警示
-----------------
id: 179
类型: 新闻
标题: 这也叫罚款了？反正这么点我他妈都能出得起这叫罚款？去他妈的//@顾扯淡: 据摩根大通的报告估算，医疗相关广告在百度的年总营收中约占25%。以百度2015年销售额663亿元的业绩核算，医疗广告为百度的收入贡献超过150亿//@殆知阁://@灵感之源: 这就是为什么那么多受害，犯罪 成本太低。。
发布时间: 2017-03-10 10:55:31
发布主体: 不混出人样不换名
-----------------
id: 184
类型: 新闻
标题: 百度回应违规医疗广告被罚:未了解到上海具体规定_网易科技 （分享自 @网易科技频道）  百度，是最没有社会公德的一家企业，最无耻的一家企业。 http://t.cn/RiTC7bX ​​
发布时间: 2017-03-10 12:38:56
发布主体: 铁血轩辕
-----------------
id: 185
类型: 新闻
标题: 百度真TM的不要脸，发布医疗广告的法律法规难道是上海制定的吗？！发布违规医疗广告，难道百度不审查他们的资质？！
发布时间: 2017-03-10 12:00:22
发布主体: 稀里哗啦东扯西拉
-----------------
id: 205
类型: 新闻
标题: 新华社上海3月9日电（记者周琳）9日，上海市工商局公布2017年第1号虚假违法广告公告。记者获悉，作为互联网付费搜索广告的发布者，未能有效履行法定义务，百度在线网络技术（北京）有限公司上海软件技术分公司（以下简称为“百度平台”）和北京搜狗信息服务有限公司（以下简称为“搜狗平台”）被处罚。 ​​
发布时间: 2017-03-10 15:57:06
发布主体: 浦口普法
-----------------
id: 206
类型: 新闻
标题: 【百度回应发布违规医疗广告被罚：未了解到上海具体规定】上海市工商局2017年第1号虚假违法广告公告，百度因发布未经审查医疗机构广告，并且相关搜索关键词指向了无资质医疗服务内容，被依法处罚款2.8万元。百度：因各地监管要求并不统一，不了解上海地区具体规定，导致这几家医疗机构广告上线发布。 ​​
发布时间: 2017-03-10 16:45:48
发布主体: 唐山大概齐
-----------------
id: 228
类型: 新闻
标题: #315晚会# 说到极藻5s，百度怎么解释@CCTV315 @百度 今年交了多少保护费[拜拜] ​​
发布时间: 2017-03-15 23:42:05
发布主体: _Smile_天空
-----------------
id: 232
类型: 新闻
标题: 百度你特么在逗我？？？说，给了你们多少广告费，真是只要给钱什么都能发布啊~~~[弱][弱][弱]@百度 @百度新闻 ​​
发布时间: 2017-03-20 09:35:30
发布主体: vincent赵
-----------------
id: 236
类型: 新闻
标题: 警惕！女子网上搜到订机票电话 陷入“连环圈套”被骗2万多元，提醒：在百度各大搜素引擎搜素各种信息，更大部分都是假信息，有些还是搜索公司知道假也帮忙推广告，买票一定要看清楚，最好找熟悉的售票网站购买，以免受骗。 http://t.cn/R6ZTjoq ​​
发布时间: 2017-03-20 11:44:41
发布主体: 潮州突发
-----------------
id: 249
类型: 新闻
标题: 现在终于了明白为什么像元典科技（爱漫电商）这些在百度推广的骗子公司，在百度口碑都不能差评，因为他们的利益是捆绑在一起的，损了他们的声誉，也是折了自己的财路，只有骗子们骗得越多，他们之间的财源也就源远流长。 ​​
发布时间: 2017-03-20 12:35:03
发布主体: 用户6175955183
-----------------
id: 257
类型: 新闻
标题: ???百度竞价排名❗️短词热词想做几个做几个，无任何流氓费用，百度首页保证前三位，一搜就有你???，商机就在你眼前，抓紧时间来抢占广告位吧??? http://t.cn/R2WxEa8 ​​
发布时间: 2017-03-21 09:22:37
发布主体: 美仙传媒百度_程程麻麻
-----------------
id: 258
类型: 新闻
标题: 在电脑上搜“飞塔”，反正有好几个做百度广告的都是卖其他家防火墙的，都不要脸。//@ElleryCen:你们去搜搜飞塔看看排在第一的是哪家不要脸的[挖鼻] //@网路游侠:[哼][怒]//@zeroflag:曾经搜索”迪普科技“还会弹出”深信服负载均衡“的广告呢！[泪][泪][泪]
发布时间: 2017-03-21 09:28:55
发布主体: 网路游侠
-----------------
id: 261
类型: 新闻
标题: @网络315警示 @微博315 //@寥城贪官多:@百度新闻 @百度 退换都不可以请问下百度这是什么商家给了你们多少广告费用//@寥城贪官多:顶起来让更多的人看到@CCTV焦点访谈 @CCTV1开讲啦 @人民日报 @崔永元 @CCTV今日说法 @人民日报 @陈里 @曹景行 @电台高莉
发布时间: 2017-03-21 08:32:06
发布主体: 寥城贪官多
-----------------
id: 262
类型: 新闻
标题: 【百度“强装”安全软件引争议】最近，好多网友反映自己在不知情的情况下，电脑被强装百度安全软件，即使卸载了还能自动重生。业内人士表示，恶意推广软件的形式时常被一些企业作为提高产品普及率的歪招。保护电脑的安全软件也通过“流氓推广”的形式安装，实在是令人气愤http://t.cn/RZy1Usm ​​
发布时间: 2017-03-21 10:52:52
发布主体: 月徽东大
-----------------
id: 263
类型: 新闻
标题: 魏则西百度推广事件谁以后再敢说有问题找度娘 我特么就是你干爹。    ​​
发布时间: 2017-03-21 10:51:03
发布主体: emmaBBBBBB加油6
-----------------
id: 265
类型: 新闻
标题: @百度推广小度 //@寥城贪官多:百度这家网商骗人刚收到都不给退货货不对版 http://t.cn/R6yeeqQ
发布时间: 2017-03-21 09:14:50
发布主体: 寥城贪官多
-----------------
id: 266
类型: 新闻
标题: 怎么没人管啊他们很猖狂 http://t.cn/R6ysEtL //@寥城贪官多:@百度推广小度 望有关部门管下/@百度推广小度 //@网络315警示 @百度 @百度新闻 @人民日报 @寥城贪官多:百度这家网商骗人刚收到都不给退货货不对版 http://t.cn/R6yeeqQ
发布时间: 2017-03-21 09:45:05
发布主体: 寥城贪官多
-----------------
id: 267
类型: 新闻
标题: #光大诈骗1.38亿#君享金融这个典型全民诈骗案，在迅雷百度和光大的支持下，迅雷推广送会员，百度加V包认证，光大做其后盾，紧密结合，环环相扣，就是为了骗老百姓的钱，加剧社会矛盾，引起公众对国家的不满@杭州发布 @联合国 @迅雷客服 @迅雷会员 @百度 @百度推广 @国际金融报 @早报网 @CCTV焦点访谈
发布时间: 2017-03-21 10:15:37
发布主体: 用户6115364622
-----------------
id: 268
类型: 新闻
标题: 君享金融这个典型全民诈骗案，在迅雷百度和光大的支持下，迅雷推广送会员，百度加V包认证，光大做其后盾，紧密结合，环环相扣，就是为了骗老百姓的钱，为了加剧社会矛盾，引起公众对国家的不满@杭州发布 @法国驻华使馆 @美国驻华大使馆 @联合国 @迅雷客服 @迅雷会员 @百度 @百度推广 
发布时间: 2017-03-21 09:27:13
发布主体: 烟火6120487469
-----------------
id: 273
类型: 新闻
标题: ???百度竞价排名❗️短词热词想做几个做几个，无任何流氓费用，百度首页保证前三位，一搜就有你???，???商机就在你眼前，抓紧时间来抢占广告位吧??? ​​
发布时间: 2017-03-21 12:03:20
发布主体: 格律传媒网络推广
-----------------
id: 277
类型: 新闻
标题: 发表了博文《深扒银川博爱医院医疗黑幕：莆田系黑医院专靠广告坑骗患者》深扒银川博爱医院医疗黑幕：莆田系黑医院专靠广告坑骗患者(2017-03-1804:04:07)有个给我报料的大学生德了男科病从百度骗http://t.cn/R6UMaCT ​​
发布时间: 2017-03-21 12:29:03
发布主体: 舆情即时
-----------------
id: 286
类型: 新闻
标题: 揭开广济医院欺骗患者救命钱的大面纱采用什么经络消瘤法欺骗患者事实如下:2016年12月10号住进广济中西结合医院，他们医院治疗方法以百度推广骗去受害者家属救命钱，以治疗手段为中药泡澡，刮痧，按摩，骗去患者，广济中西结合医院承诺百分之九十能治愈，缩小肿瘤，而且没有缩小反而长大17公分，从哪医 ​​
发布时间: 2017-03-21 14:03:32
发布主体: 王宁82206
-----------------
id: 287
类型: 新闻
标题: #北京事儿# 揭开广济医院欺骗患者救命钱的大面纱采用什么经络消瘤法欺骗患者事实如下:2016年12月10号住进广济中西结合医院，他们医院治疗方法以百度推广骗去受害者家属救命钱，以治疗手段为中药泡澡，刮痧，按摩，骗去患者，广济中西结合医院承诺百分之九十能治愈，缩小肿瘤，而且没有缩小反而长大17公 ​​
发布时间: 2017-03-21 14:08:39
发布主体: 王宁82206
-----------------
id: 292
类型: 新闻
标题: 没毛病啊，百毒从来都是这样无节操。//@网路游侠: 在电脑上搜“飞塔”，反正有好几个做百度广告的都是卖其他家防火墙的，都不要脸。//@ElleryCen:你们去搜搜飞塔看看排在第一的是哪家不要脸的[挖鼻] //@网路游侠:[哼][怒]//@zeroflag:曾经搜索”迪普科技“还会弹出”深信服负载均衡“的广告呢！
发布时间: 2017-03-21 17:38:54
发布主体: CC开发网
-----------------
id: 302
类型: 新闻
标题: @王宁82206: #北京事儿# 揭开广济医院欺骗患者救命钱的大面纱采用什么经络消瘤法欺骗患者事实如下:2016年12月10号住进广济中西结合医院，他们医院治疗方法以百度推广骗去受害者家属救命钱，以治疗手段为中药泡澡，刮痧，按摩，骗去患者，广济中西结合医院承诺百分之九十能治愈，缩小肿瘤，而且没有缩小 ​​
发布时间: 2017-03-22 08:25:40
发布主体: 王宁82206
-----------------
id: 312
类型: 新闻
标题: 【百度“强装”安全软件引争议】最近，好多网友反映自己在不知情的情况下，电脑被强装百度安全软件，即使卸载了还能自动重生。业内人士表示，恶意推广软件的形式时常被一些企业作为提高产品普及率的歪招。保护电脑的安全软件也通过“流氓推广”的形式安装，实在是令人气愤http://t.cn/RZy1Usm ​​
发布时间: 2017-03-22 12:04:33
发布主体: 坏娃娃日记希山炳
-----------------
id: 327
类型: 新闻
标题: @百度 看看这就是你们推广的游戏@//@豫风书画:@315在线投诉 究竟谁来维护我们这些玩家的利益，谁能治理这些黑心公司@網易 @//@豫风书画:投诉无门，离线挂机被整红名，半夜三更的还能被杀挂机，一堆托，一个盟的人霸占全服boss@小呀小布林 @手游君 @37互娱
发布时间: 2017-03-22 14:01:50
发布主体: 豫风书画
-----------------
id: 347
类型: 新闻
标题: 没想到百度的推广骗局就在我身上发生了。@万和热水器 骗子电话:4000080911（一下一切事情都是在我不知情的情况下发生的）早几天热水器坏了，我妈自己百度@百度 搜索的万和热水器，然后百度第一条就给了这个电话，还明目张胆的标注为厂家总部。我妈就信了，之后就来一个修热水器的，换了一个零件，收了5 ​​
发布时间: 2017-03-23 12:58:53
发布主体: 土澳砖主
-----------------
id: 366
类型: 新闻
标题: 发表了博文《深扒银川博爱医院医疗黑幕：莆田系黑医院专靠广告坑骗患者》有个给我报料的大学生德了男科病从百度骗子那里来到莆田银川博爱骗子医院，胡治乱治钱还给骗了3万多，一个青春期的男孩给自己把网名改成了“http://t.cn/R6cJ3SE ​​
发布时间: 2017-03-24 10:10:36
发布主体: -老杨-
-----------------
id: 378
类型: 新闻
标题: 【魏则西事件一周年：父母等待道歉 试管婴儿失败】人性最大的恶是什么？”作为去年最受关注的公共事件之一，青年魏则西之死暴露出百度广告竞价排名、部队医院科室外包给“莆田系”，以及虚假医疗广告等问题。在失去儿子的这一年当中，魏则西父母一直没有等到百度等相关方道歉，他们为此与之对薄公堂； ​​
发布时间: 2017-03-28 09:22:11
发布主体: 搜狐新闻
-----------------
id: 381
类型: 新闻
标题: 发表了博文《南京脑康医院又是一家骗子医院》南京脑康医院又是一家被福建莆田人承包的私人医院，开设四五个网站在百度竞价宣传，各大媒体发布虚假广告信息，骗人的手段层出不穷，到处承包部队医院骗人，不要上当http://t.cn/R6opTdQ ​​
发布时间: 2017-03-29 08:53:27
发布主体: 好纸张小王风
-----------------
id: 383
类型: 新闻
标题: 又是百度虚假医疗广告与莆田系害人的惨案！★为什么没人制裁百度李彥宏？制裁莆田系黑医疗？★为什么耳鼻喉科明知道手术导致20%以上的人成为空鼻症，却不禁止手术？不提示风险？★为什么空鼻症还不上教材和疾病目录？★为什么说切除鼻甲没事的耳鼻喉科专家，自己不切除鼻甲试试呢？究竟谁在作恶？
发布时间: 2017-03-28 23:41:01
发布主体: 空鼻症大神
-----------------
id: 384
类型: 新闻
标题: //@四边形木丁西:又是百度虚假医疗广告与莆田系害人的惨案！★为什么没人制裁百度李彥宏？制裁莆田系黑医疗？★为什么耳鼻喉科明知道手术导致20%以上的人成为空鼻症，却不禁止手术？不提示风险？★为什么空鼻症还不上教材和疾病目录？★为什么说切除鼻甲没事的耳鼻喉科专家，自己不切除鼻甲试试呢？
发布时间: 2017-03-29 16:02:48
发布主体: 一波秋水2017
-----------------
id: 387
类型: 新闻
标题: 你看看这是什么广告 @百度@社会维权曝光@央视新闻 ​​
发布时间: 2017-03-30 10:52:38
发布主体: 宏海洋家政
-----------------
id: 396
类型: 新闻
标题: 【涉黄APP骗局一年收入7亿】“一个色情诱导付费的APP，网上有源码，2000块一套，再做一套宣传图片，顶多500块”，然后通过网络广告联盟在大量盗版小说网站、浏览器推送新闻页面、QQ群、百度贴吧等等流量较大的地区投放色情图片，“用户点击图片就会下载APP，APP上要求用户付费观看”。每月600多万下载  ​​
发布时间: 2017-03-31 11:00:12
发布主体: 升值贷
-----------------
id: 399
类型: 新闻
标题: ?不知道为什么百度上还给这么没有诚信的服务商家提供广告服务。今天上午百度询找通侧所服务，看到第一个公司鸿坛环卫就拔通电话，问通侧所，马桶式、楼层三楼多少钱，说只要200元，可以一来看下就要涨价、要400元，想下、来的来了，而且通侧所很恶心的事情也就同意了！一会儿就可以下水，可是通水很 ​​
发布时间: 2017-03-31 20:56:50
发布主体: 华君主
-----------------
id: 403
类型: 新闻
标题: 真实的诈骗案件，现在他们公司还在百度做推广，从银保零元购车险隶属上海从银金融信息服务有限公司，大家帮忙转发下！谢谢
发布时间: 2017-04-01 22:01:03
发布主体: 生活如此俏比
-----------------
id: 420
类型: 新闻
-----------------
id: 423
类型: 新闻
-----------------
id: 425
类型: 新闻
标题: 27岁鼻炎患者术后坠亡 百度因医院竞价排名被起诉 
发布时间: 2017-04-05 07:02:03
-----------------
id: 427
类型: 新闻
标题: 百度推广假药就没人能管？搜索  风湿 类风湿  腰椎间盘突出 等  出来的前几条检索 都是在百度花钱 推广的假药   “龙布峰针贴”  还有用轮胎公司推广的。@百度  @央视新闻 @CCTV焦点访谈 ​​
发布时间: 2017-04-06 13:32:10
发布主体: 茶乡湄潭
-----------------
id: 429
类型: 新闻
-----------------
id: 431
类型: 新闻
-----------------
id: 435
类型: 新闻
标题: 现在百度推广这么玩的？可以吧别人公司的名字作为自己公司推广的关键词？投诉举报还一直没用？ps:红框里标出来的内容并不是我们老鹰画室哦~   @百度 @百度 ​​
发布时间: 2017-04-10 11:08:42
发布主体: 杭州老鹰画室
-----------------
id: 437
类型: 新闻
标题: 胆够大！坑人主意打到公安部交管局软件上！
百度推广如何坑行外人:第一张图:用你的手机百度搜索:交管12123，百度第一个搜索居然是打着“交管12123”的文字链接，如果你直接点了下载，那么你的手机将安装图二中的右下角“we”图样软件，若你之前不知道正版“交管12123”长啥样，那就中招了，继续进去处 ​​
发布时间: 2017-04-10 19:57:14
发布主体: 裁判者v
-----------------
id: 443
类型: 新闻
标题: 同一个公司注册多个网站用于百度推广，该公司根本没有危险化学品经营许可证。 且网站名称只是化工原料批发。投诉到百度也仅仅是受理，无下文。广告仍然时刻在线。该网站在百度口碑被多家公司举报，百度无动于衷。@百度推广@CCTV315@中国之声。
百度为了圈钱，可以不审核资质，不管公司，不管产品。还想 ​​
发布时间: 2017-04-12 09:52:13
发布主体: 天月云飞
-----------------
id: 453
类型: 新闻
标题: @12315网络维权  @深圳公安  @央视新闻  深圳警方已经确定了美极客是传销组织，但是百度对此还是能够进行商业付费推广的业务，推广的产品还涉及到夸大的医疗用品之前已经举报过多次，他们一直说在处理，但是观察了很多天，还是继续他们收费的商业推广行为，我在这里肯定央视电视台和12315一起揭露百度 ​​
发布时间: 2017-04-19 10:00:14
发布主体: 国服第一青钢影卡尔蜜
-----------------
id: 454
类型: 新闻
标题: 【一妆被假冒的日常】很无奈，”一妆“两个字随时都在被很多无良同行冒用，虽然我们有品牌商标注册，但冒充一妆的同行多到我们都告不过来！！今天用百度搜索”成都一妆“，总共三个广告位，居然两个都是同行假冒的广告！一妆现有官网为：yzvogue.com和yzvogue.net，大家搜索关键词时只要出现图一【广告 ​​
发布时间: 2017-04-19 12:29:37
发布主体: 一妆时尚慧子
-----------------
id: 455
类型: 新闻
-----------------
id: 457
类型: 新闻
标题: ?//@天地野保:声讨百度公司死不悔改长期推广危险捕猎机！！//@中国互联网举报中心@寵愛苗@时尚时事品牌-张辛可@让候鸟飞@曹菡艾@范成波NGO@环保汪昭华@环境保护主义者联盟 @节水刘大哥@微言环保@爱心牛妈@动物小说作家马文秋@中国政府网@哲学癖小白@施怀基@作家米修
发布时间: 2017-04-20 16:15:58
发布主体: 寵愛苗
-----------------
id: 459
类型: 新闻
标题: 发表了博文《深圳蓓姬婚纱摄影有限公司-重庆兰蔻摄影长期使用同行业名字进行推广可恶》重庆兰蔻摄影长期使用我影楼（重庆黑马摄影/黑马摄影）进行百度等推广，误导消费者和给我影楼带来极大的损失和痛苦。恳请各位http://t.cn/RXN2mng ​​
发布时间: 2017-04-22 17:16:05
发布主体: 脱口而出大串
-----------------
"| mail -s "每日公告" "guminli@baidu.com,liuguodong01@baidu.com" ] ret[]
